2020-05-21 23:36:14 INFO  Master:8 - Get 100 files in directory data/small/raw/buggy/
2020-05-21 23:36:14 INFO  Master:8 - Get 100 files in directory data/small/raw/fixed/
2020-05-21 23:36:14 INFO  Master:8 - Loading 100 java files from data/small/raw/buggy/
2020-05-21 23:36:14 INFO  Master:8 - Loading 100 java files from data/small/raw/fixed/
2020-05-21 23:36:14 INFO  Master:8 - The total buggy/fixed files is 100, #of Workers 4, batch size 26
2020-05-21 23:36:14 INFO  Master:8 - Create a new worker [0] to handle Java file indexed from 1 to 26
2020-05-21 23:36:14 INFO  Master:8 - Create a new worker [1] to handle Java file indexed from 27 to 52
2020-05-21 23:36:14 INFO  Master:8 - Create a new worker [2] to handle Java file indexed from 53 to 78
2020-05-21 23:36:14 INFO  Master:8 - Create a new worker [3] to handle Java file indexed from 79 to 100
2020-05-21 23:36:14 INFO  Worker:8 - Worker 0 deal with 26 task in 278 milliseconds
2020-05-21 23:36:14 INFO  Worker:8 - Worker 1 deal with 26 task in 278 milliseconds
2020-05-21 23:36:15 INFO  Worker:8 - Worker 3 deal with 22 task in 354 milliseconds
2020-05-21 23:36:15 INFO  Worker:8 - Worker 2 deal with 26 task in 364 milliseconds
2020-05-21 23:56:55 INFO  TestAbstract:8 - Position nums 45
2020-05-21 23:58:44 INFO  TestAbstract:8 - Position nums 45
2020-05-22 00:08:37 INFO  TestAbstract:8 - Position nums 45
2020-05-22 00:08:37 INFO  Context:8 - package		List(1.0, 0.0, 0.0, 0.0, 0.0, 0.0, 0.0, 0.0, 0.0, 0.0, 1.0, 0.0, 0.0, 0.0, 0.0, 0.0, 0.0)
2020-05-22 00:08:37 INFO  Context:8 - Ident_0		List(1.0, 0.0, 0.0, 0.0, 0.0, 0.0, 0.0, 0.0, 0.0, 0.0, 1.0, 0.0, 0.0, 0.0, 0.0, 0.0, 0.0, 1.0, 0.0, 0.0, 0.0, 0.0, 0.0, 0.0)
2020-05-22 00:08:37 INFO  Context:8 - .		List(1.0, 0.0, 0.0, 0.0, 0.0, 0.0, 0.0, 0.0, 0.0, 0.0, 0.0, 1.0, 0.0, 0.0, 0.0, 0.0, 0.0, 0.0, 1.0, 0.0, 0.0, 0.0, 0.0, 0.0, 0.0)
2020-05-22 00:08:37 INFO  Context:8 - Varl_0		List(1.0, 0.0, 0.0, 0.0, 0.0, 0.0, 0.0, 0.0, 0.0, 0.0, 0.0, 0.0, 1.0, 0.0, 0.0, 0.0, 0.0, 0.0, 0.0, 1.0, 0.0, 0.0, 0.0, 0.0, 0.0, 0.0)
2020-05-22 00:08:37 INFO  Context:8 - ;		List(0.0, 0.0, 0.0, 0.0, 0.0, 0.0, 0.0, 1.0, 0.0, 0.0, 0.0, 1.0, 0.0, 0.0, 0.0, 0.0, 0.0, 0.0)
2020-05-22 00:08:37 INFO  Context:8 - public		List(1.0, 0.0, 0.0, 0.0, 0.0, 0.0, 0.0, 0.0, 0.0, 1.0, 0.0, 0.0, 0.0, 0.0, 0.0, 0.0, 0.0, 0.0, 0.0, 1.0, 0.0, 0.0, 0.0, 0.0, 0.0)
2020-05-22 00:08:37 INFO  Context:8 - class		List(1.0, 0.0, 0.0, 0.0, 0.0, 0.0, 0.0, 0.0, 0.0, 0.0, 0.0, 0.0, 0.0, 1.0, 0.0, 0.0, 0.0, 0.0, 0.0)
2020-05-22 00:08:37 INFO  Context:8 - Type_0		List(1.0, 0.0, 0.0, 0.0, 0.0, 0.0, 0.0, 0.0, 0.0, 0.0, 0.0, 0.0, 0.0, 0.0, 1.0, 0.0, 0.0, 0.0, 0.0, 0.0)
2020-05-22 00:08:37 INFO  Context:8 - {		List(1.0, 0.0, 0.0, 0.0, 0.0, 0.0, 0.0, 0.0, 0.0, 0.0, 0.0, 0.0, 0.0, 0.0, 0.0, 1.0, 0.0, 0.0, 0.0, 0.0, 0.0)
2020-05-22 00:08:37 INFO  Context:8 - public		List(1.0, 0.0, 0.0, 0.0, 0.0, 0.0, 0.0, 0.0, 0.0, 1.0, 0.0, 0.0, 0.0, 0.0, 0.0, 0.0, 0.0, 0.0, 0.0, 1.0, 0.0, 0.0, 0.0, 0.0, 0.0)
2020-05-22 00:08:37 INFO  Context:8 - void		List(1.0, 0.0, 0.0, 0.0, 0.0, 0.0, 0.0, 0.0, 0.0, 0.0, 0.0, 0.0, 1.0, 0.0, 0.0, 0.0, 0.0, 0.0)
2020-05-22 00:08:37 INFO  Context:8 - Method_0		List(1.0, 0.0, 0.0, 0.0, 0.0, 0.0, 0.0, 0.0, 0.0, 0.0, 0.0, 0.0)
2020-05-22 00:08:37 INFO  Context:8 - (		List(1.0, 0.0, 0.0, 0.0, 0.0, 0.0, 0.0, 0.0, 0.0, 0.0, 0.0, 0.0, 0.0)
2020-05-22 00:08:37 INFO  Context:8 - String		List(1.0, 0.0, 0.0, 0.0, 0.0, 0.0, 0.0, 0.0, 0.0, 0.0, 1.0, 0.0, 0.0, 0.0, 0.0, 0.0, 0.0, 0.0, 0.0, 0.0, 1.0, 0.0, 0.0, 0.0, 0.0, 0.0, 0.0)
2020-05-22 00:08:37 INFO  Context:8 - Varl_1		List(1.0, 0.0, 0.0, 0.0, 0.0, 0.0, 0.0, 0.0, 0.0, 0.0, 0.0, 0.0, 0.0, 1.0, 0.0, 0.0, 0.0, 0.0, 0.0, 0.0)
2020-05-22 00:08:37 INFO  Context:8 - )		List(1.0, 0.0, 0.0, 0.0, 0.0, 0.0, 0.0, 0.0, 0.0, 0.0, 0.0, 0.0, 0.0, 0.0)
2020-05-22 00:08:37 INFO  Context:8 - {		List(1.0, 0.0, 0.0, 0.0, 0.0, 0.0, 0.0, 0.0, 0.0, 0.0, 0.0, 0.0, 0.0, 0.0, 1.0, 0.0, 0.0, 0.0, 0.0)
2020-05-22 00:08:37 INFO  Context:8 - Type_1		List(1.0, 0.0, 0.0, 0.0, 0.0, 0.0, 0.0, 0.0, 0.0, 0.0, 1.0, 0.0, 0.0, 0.0, 0.0, 0.0, 0.0, 0.0, 0.0, 1.0, 0.0, 0.0, 0.0, 0.0, 0.0, 0.0, 1.0, 0.0, 0.0, 0.0, 0.0, 0.0, 0.0, 1.0, 0.0, 0.0, 0.0, 0.0, 0.0, 0.0, 0.0, 0.0, 0.0, 0.0, 1.0, 0.0, 0.0, 0.0, 0.0)
2020-05-22 00:08:37 INFO  Context:8 - c		List(1.0, 0.0, 0.0, 0.0, 0.0, 0.0, 0.0, 0.0, 0.0, 0.0, 0.0, 0.0, 1.0, 0.0, 0.0, 0.0, 0.0, 0.0, 0.0, 1.0, 0.0, 0.0, 0.0, 0.0, 0.0, 0.0, 1.0, 0.0, 0.0, 0.0, 0.0, 0.0, 0.0, 0.0, 0.0, 0.0, 0.0, 1.0, 0.0, 0.0, 0.0, 0.0)
2020-05-22 00:08:37 INFO  Context:8 - =		List(1.0, 0.0, 0.0, 0.0, 0.0, 0.0, 0.0, 0.0, 0.0, 0.0, 0.0, 0.0, 0.0, 1.0, 0.0, 0.0, 0.0, 0.0, 0.0, 0.0, 1.0, 0.0, 0.0, 0.0, 0.0, 0.0, 0.0, 1.0, 0.0, 0.0, 0.0, 0.0, 0.0, 0.0, 0.0, 0.0, 0.0, 0.0, 1.0, 0.0, 0.0, 0.0, 0.0)
2020-05-22 00:08:37 INFO  Context:8 - a		List(1.0, 0.0, 0.0, 0.0, 0.0, 0.0, 0.0, 0.0, 0.0, 0.0, 1.0, 0.0, 0.0, 0.0, 0.0, 0.0, 0.0, 0.0, 0.0, 0.0, 1.0, 0.0, 0.0, 0.0, 0.0, 0.0, 0.0, 1.0, 0.0, 0.0, 0.0, 0.0, 0.0, 0.0, 1.0, 0.0, 0.0, 0.0, 0.0, 0.0, 0.0, 1.0, 0.0, 0.0, 0.0, 0.0, 0.0, 0.0, 0.0, 0.0, 0.0, 0.0, 1.0, 0.0, 0.0, 0.0, 0.0)
2020-05-22 00:08:37 INFO  Context:8 - +		List(1.0, 0.0, 0.0, 0.0, 0.0, 0.0, 0.0, 0.0, 0.0, 0.0, 0.0, 0.0, 0.0, 1.0, 0.0, 0.0, 0.0, 0.0, 0.0, 0.0, 1.0, 0.0, 0.0, 0.0, 0.0, 0.0, 0.0, 1.0, 0.0, 0.0, 0.0, 0.0, 0.0, 0.0, 1.0, 0.0, 0.0, 0.0, 0.0, 0.0, 0.0, 0.0, 0.0, 0.0, 0.0, 1.0, 0.0, 0.0, 0.0, 0.0)
2020-05-22 00:08:37 INFO  Context:8 - b		List(1.0, 0.0, 0.0, 0.0, 0.0, 0.0, 0.0, 0.0, 0.0, 0.0, 0.0, 1.0, 0.0, 0.0, 0.0, 0.0, 0.0, 0.0, 0.0, 0.0, 1.0, 0.0, 0.0, 0.0, 0.0, 0.0, 0.0, 1.0, 0.0, 0.0, 0.0, 0.0, 0.0, 0.0, 1.0, 0.0, 0.0, 0.0, 0.0, 0.0, 0.0, 1.0, 0.0, 0.0, 0.0, 0.0, 0.0, 0.0, 0.0, 0.0, 0.0, 0.0, 1.0, 0.0, 0.0, 0.0, 0.0)
2020-05-22 00:08:37 INFO  Context:8 - ;		List(1.0, 0.0, 0.0, 0.0, 0.0, 0.0, 0.0, 0.0, 0.0, 0.0, 1.0, 0.0, 0.0, 0.0, 0.0, 0.0, 0.0, 0.0, 0.0, 0.0, 0.0, 1.0, 0.0, 0.0, 0.0, 0.0)
2020-05-22 00:08:37 INFO  Context:8 - }		List(1.0, 0.0, 0.0, 0.0, 0.0, 0.0, 0.0, 0.0, 0.0, 0.0, 0.0, 0.0, 0.0, 0.0, 0.0, 1.0, 0.0, 0.0, 0.0, 0.0)
2020-05-22 00:08:37 INFO  Context:8 - }		List(1.0, 0.0, 0.0, 0.0, 0.0, 0.0, 0.0, 0.0, 0.0, 0.0, 0.0, 0.0, 0.0, 0.0, 0.0, 0.0, 1.0, 0.0, 0.0, 0.0, 0.0, 0.0)
2020-05-22 00:09:34 INFO  TestAbstract:8 - Position nums 45
2020-05-22 00:09:34 INFO  Context:8 - package			List(1.0, 0.0, 0.0, 0.0, 0.0, 0.0, 0.0, 0.0, 0.0, 0.0, 1.0, 0.0, 0.0, 0.0, 0.0, 0.0, 0.0)
2020-05-22 00:09:34 INFO  Context:8 - Ident_0			List(1.0, 0.0, 0.0, 0.0, 0.0, 0.0, 0.0, 0.0, 0.0, 0.0, 1.0, 0.0, 0.0, 0.0, 0.0, 0.0, 0.0, 1.0, 0.0, 0.0, 0.0, 0.0, 0.0, 0.0)
2020-05-22 00:09:34 INFO  Context:8 - .			List(1.0, 0.0, 0.0, 0.0, 0.0, 0.0, 0.0, 0.0, 0.0, 0.0, 0.0, 1.0, 0.0, 0.0, 0.0, 0.0, 0.0, 0.0, 1.0, 0.0, 0.0, 0.0, 0.0, 0.0, 0.0)
2020-05-22 00:09:34 INFO  Context:8 - Varl_0			List(1.0, 0.0, 0.0, 0.0, 0.0, 0.0, 0.0, 0.0, 0.0, 0.0, 0.0, 0.0, 1.0, 0.0, 0.0, 0.0, 0.0, 0.0, 0.0, 1.0, 0.0, 0.0, 0.0, 0.0, 0.0, 0.0)
2020-05-22 00:09:34 INFO  Context:8 - ;			List(0.0, 0.0, 0.0, 0.0, 0.0, 0.0, 0.0, 1.0, 0.0, 0.0, 0.0, 1.0, 0.0, 0.0, 0.0, 0.0, 0.0, 0.0)
2020-05-22 00:09:34 INFO  Context:8 - public			List(1.0, 0.0, 0.0, 0.0, 0.0, 0.0, 0.0, 0.0, 0.0, 1.0, 0.0, 0.0, 0.0, 0.0, 0.0, 0.0, 0.0, 0.0, 0.0, 1.0, 0.0, 0.0, 0.0, 0.0, 0.0)
2020-05-22 00:09:34 INFO  Context:8 - class			List(1.0, 0.0, 0.0, 0.0, 0.0, 0.0, 0.0, 0.0, 0.0, 0.0, 0.0, 0.0, 0.0, 1.0, 0.0, 0.0, 0.0, 0.0, 0.0)
2020-05-22 00:09:34 INFO  Context:8 - Type_0			List(1.0, 0.0, 0.0, 0.0, 0.0, 0.0, 0.0, 0.0, 0.0, 0.0, 0.0, 0.0, 0.0, 0.0, 1.0, 0.0, 0.0, 0.0, 0.0, 0.0)
2020-05-22 00:09:34 INFO  Context:8 - {			List(1.0, 0.0, 0.0, 0.0, 0.0, 0.0, 0.0, 0.0, 0.0, 0.0, 0.0, 0.0, 0.0, 0.0, 0.0, 1.0, 0.0, 0.0, 0.0, 0.0, 0.0)
2020-05-22 00:09:34 INFO  Context:8 - public			List(1.0, 0.0, 0.0, 0.0, 0.0, 0.0, 0.0, 0.0, 0.0, 1.0, 0.0, 0.0, 0.0, 0.0, 0.0, 0.0, 0.0, 0.0, 0.0, 1.0, 0.0, 0.0, 0.0, 0.0, 0.0)
2020-05-22 00:09:34 INFO  Context:8 - void			List(1.0, 0.0, 0.0, 0.0, 0.0, 0.0, 0.0, 0.0, 0.0, 0.0, 0.0, 0.0, 1.0, 0.0, 0.0, 0.0, 0.0, 0.0)
2020-05-22 00:09:34 INFO  Context:8 - Method_0			List(1.0, 0.0, 0.0, 0.0, 0.0, 0.0, 0.0, 0.0, 0.0, 0.0, 0.0, 0.0)
2020-05-22 00:09:34 INFO  Context:8 - (			List(1.0, 0.0, 0.0, 0.0, 0.0, 0.0, 0.0, 0.0, 0.0, 0.0, 0.0, 0.0, 0.0)
2020-05-22 00:09:34 INFO  Context:8 - String			List(1.0, 0.0, 0.0, 0.0, 0.0, 0.0, 0.0, 0.0, 0.0, 0.0, 1.0, 0.0, 0.0, 0.0, 0.0, 0.0, 0.0, 0.0, 0.0, 0.0, 1.0, 0.0, 0.0, 0.0, 0.0, 0.0, 0.0)
2020-05-22 00:09:34 INFO  Context:8 - Varl_1			List(1.0, 0.0, 0.0, 0.0, 0.0, 0.0, 0.0, 0.0, 0.0, 0.0, 0.0, 0.0, 0.0, 1.0, 0.0, 0.0, 0.0, 0.0, 0.0, 0.0)
2020-05-22 00:09:34 INFO  Context:8 - )			List(1.0, 0.0, 0.0, 0.0, 0.0, 0.0, 0.0, 0.0, 0.0, 0.0, 0.0, 0.0, 0.0, 0.0)
2020-05-22 00:09:34 INFO  Context:8 - {			List(1.0, 0.0, 0.0, 0.0, 0.0, 0.0, 0.0, 0.0, 0.0, 0.0, 0.0, 0.0, 0.0, 0.0, 1.0, 0.0, 0.0, 0.0, 0.0)
2020-05-22 00:09:34 INFO  Context:8 - Type_1			List(1.0, 0.0, 0.0, 0.0, 0.0, 0.0, 0.0, 0.0, 0.0, 0.0, 1.0, 0.0, 0.0, 0.0, 0.0, 0.0, 0.0, 0.0, 0.0, 1.0, 0.0, 0.0, 0.0, 0.0, 0.0, 0.0, 1.0, 0.0, 0.0, 0.0, 0.0, 0.0, 0.0, 1.0, 0.0, 0.0, 0.0, 0.0, 0.0, 0.0, 0.0, 0.0, 0.0, 0.0, 1.0, 0.0, 0.0, 0.0, 0.0)
2020-05-22 00:09:34 INFO  Context:8 - c			List(1.0, 0.0, 0.0, 0.0, 0.0, 0.0, 0.0, 0.0, 0.0, 0.0, 0.0, 0.0, 1.0, 0.0, 0.0, 0.0, 0.0, 0.0, 0.0, 1.0, 0.0, 0.0, 0.0, 0.0, 0.0, 0.0, 1.0, 0.0, 0.0, 0.0, 0.0, 0.0, 0.0, 0.0, 0.0, 0.0, 0.0, 1.0, 0.0, 0.0, 0.0, 0.0)
2020-05-22 00:09:34 INFO  Context:8 - =			List(1.0, 0.0, 0.0, 0.0, 0.0, 0.0, 0.0, 0.0, 0.0, 0.0, 0.0, 0.0, 0.0, 1.0, 0.0, 0.0, 0.0, 0.0, 0.0, 0.0, 1.0, 0.0, 0.0, 0.0, 0.0, 0.0, 0.0, 1.0, 0.0, 0.0, 0.0, 0.0, 0.0, 0.0, 0.0, 0.0, 0.0, 0.0, 1.0, 0.0, 0.0, 0.0, 0.0)
2020-05-22 00:09:34 INFO  Context:8 - a			List(1.0, 0.0, 0.0, 0.0, 0.0, 0.0, 0.0, 0.0, 0.0, 0.0, 1.0, 0.0, 0.0, 0.0, 0.0, 0.0, 0.0, 0.0, 0.0, 0.0, 1.0, 0.0, 0.0, 0.0, 0.0, 0.0, 0.0, 1.0, 0.0, 0.0, 0.0, 0.0, 0.0, 0.0, 1.0, 0.0, 0.0, 0.0, 0.0, 0.0, 0.0, 1.0, 0.0, 0.0, 0.0, 0.0, 0.0, 0.0, 0.0, 0.0, 0.0, 0.0, 1.0, 0.0, 0.0, 0.0, 0.0)
2020-05-22 00:09:34 INFO  Context:8 - +			List(1.0, 0.0, 0.0, 0.0, 0.0, 0.0, 0.0, 0.0, 0.0, 0.0, 0.0, 0.0, 0.0, 1.0, 0.0, 0.0, 0.0, 0.0, 0.0, 0.0, 1.0, 0.0, 0.0, 0.0, 0.0, 0.0, 0.0, 1.0, 0.0, 0.0, 0.0, 0.0, 0.0, 0.0, 1.0, 0.0, 0.0, 0.0, 0.0, 0.0, 0.0, 0.0, 0.0, 0.0, 0.0, 1.0, 0.0, 0.0, 0.0, 0.0)
2020-05-22 00:09:34 INFO  Context:8 - b			List(1.0, 0.0, 0.0, 0.0, 0.0, 0.0, 0.0, 0.0, 0.0, 0.0, 0.0, 1.0, 0.0, 0.0, 0.0, 0.0, 0.0, 0.0, 0.0, 0.0, 1.0, 0.0, 0.0, 0.0, 0.0, 0.0, 0.0, 1.0, 0.0, 0.0, 0.0, 0.0, 0.0, 0.0, 1.0, 0.0, 0.0, 0.0, 0.0, 0.0, 0.0, 1.0, 0.0, 0.0, 0.0, 0.0, 0.0, 0.0, 0.0, 0.0, 0.0, 0.0, 1.0, 0.0, 0.0, 0.0, 0.0)
2020-05-22 00:09:34 INFO  Context:8 - ;			List(1.0, 0.0, 0.0, 0.0, 0.0, 0.0, 0.0, 0.0, 0.0, 0.0, 1.0, 0.0, 0.0, 0.0, 0.0, 0.0, 0.0, 0.0, 0.0, 0.0, 0.0, 1.0, 0.0, 0.0, 0.0, 0.0)
2020-05-22 00:09:34 INFO  Context:8 - }			List(1.0, 0.0, 0.0, 0.0, 0.0, 0.0, 0.0, 0.0, 0.0, 0.0, 0.0, 0.0, 0.0, 0.0, 0.0, 1.0, 0.0, 0.0, 0.0, 0.0)
2020-05-22 00:09:34 INFO  Context:8 - }			List(1.0, 0.0, 0.0, 0.0, 0.0, 0.0, 0.0, 0.0, 0.0, 0.0, 0.0, 0.0, 0.0, 0.0, 0.0, 0.0, 1.0, 0.0, 0.0, 0.0, 0.0, 0.0)
2020-05-22 00:10:05 INFO  TestAbstract:8 - Position nums 45
2020-05-22 00:10:05 INFO  Context:8 - package	List(1.0, 0.0, 0.0, 0.0, 0.0, 0.0, 0.0, 0.0, 0.0, 0.0, 1.0, 0.0, 0.0, 0.0, 0.0, 0.0, 0.0)
2020-05-22 00:10:05 INFO  Context:8 - Ident_0	List(1.0, 0.0, 0.0, 0.0, 0.0, 0.0, 0.0, 0.0, 0.0, 0.0, 1.0, 0.0, 0.0, 0.0, 0.0, 0.0, 0.0, 1.0, 0.0, 0.0, 0.0, 0.0, 0.0, 0.0)
2020-05-22 00:10:05 INFO  Context:8 - .	List(1.0, 0.0, 0.0, 0.0, 0.0, 0.0, 0.0, 0.0, 0.0, 0.0, 0.0, 1.0, 0.0, 0.0, 0.0, 0.0, 0.0, 0.0, 1.0, 0.0, 0.0, 0.0, 0.0, 0.0, 0.0)
2020-05-22 00:10:05 INFO  Context:8 - Varl_0	List(1.0, 0.0, 0.0, 0.0, 0.0, 0.0, 0.0, 0.0, 0.0, 0.0, 0.0, 0.0, 1.0, 0.0, 0.0, 0.0, 0.0, 0.0, 0.0, 1.0, 0.0, 0.0, 0.0, 0.0, 0.0, 0.0)
2020-05-22 00:10:05 INFO  Context:8 - ;	List(0.0, 0.0, 0.0, 0.0, 0.0, 0.0, 0.0, 1.0, 0.0, 0.0, 0.0, 1.0, 0.0, 0.0, 0.0, 0.0, 0.0, 0.0)
2020-05-22 00:10:05 INFO  Context:8 - public	List(1.0, 0.0, 0.0, 0.0, 0.0, 0.0, 0.0, 0.0, 0.0, 1.0, 0.0, 0.0, 0.0, 0.0, 0.0, 0.0, 0.0, 0.0, 0.0, 1.0, 0.0, 0.0, 0.0, 0.0, 0.0)
2020-05-22 00:10:05 INFO  Context:8 - class	List(1.0, 0.0, 0.0, 0.0, 0.0, 0.0, 0.0, 0.0, 0.0, 0.0, 0.0, 0.0, 0.0, 1.0, 0.0, 0.0, 0.0, 0.0, 0.0)
2020-05-22 00:10:05 INFO  Context:8 - Type_0	List(1.0, 0.0, 0.0, 0.0, 0.0, 0.0, 0.0, 0.0, 0.0, 0.0, 0.0, 0.0, 0.0, 0.0, 1.0, 0.0, 0.0, 0.0, 0.0, 0.0)
2020-05-22 00:10:05 INFO  Context:8 - {	List(1.0, 0.0, 0.0, 0.0, 0.0, 0.0, 0.0, 0.0, 0.0, 0.0, 0.0, 0.0, 0.0, 0.0, 0.0, 1.0, 0.0, 0.0, 0.0, 0.0, 0.0)
2020-05-22 00:10:05 INFO  Context:8 - public	List(1.0, 0.0, 0.0, 0.0, 0.0, 0.0, 0.0, 0.0, 0.0, 1.0, 0.0, 0.0, 0.0, 0.0, 0.0, 0.0, 0.0, 0.0, 0.0, 1.0, 0.0, 0.0, 0.0, 0.0, 0.0)
2020-05-22 00:10:05 INFO  Context:8 - void	List(1.0, 0.0, 0.0, 0.0, 0.0, 0.0, 0.0, 0.0, 0.0, 0.0, 0.0, 0.0, 1.0, 0.0, 0.0, 0.0, 0.0, 0.0)
2020-05-22 00:10:05 INFO  Context:8 - Method_0	List(1.0, 0.0, 0.0, 0.0, 0.0, 0.0, 0.0, 0.0, 0.0, 0.0, 0.0, 0.0)
2020-05-22 00:10:05 INFO  Context:8 - (	List(1.0, 0.0, 0.0, 0.0, 0.0, 0.0, 0.0, 0.0, 0.0, 0.0, 0.0, 0.0, 0.0)
2020-05-22 00:10:05 INFO  Context:8 - String	List(1.0, 0.0, 0.0, 0.0, 0.0, 0.0, 0.0, 0.0, 0.0, 0.0, 1.0, 0.0, 0.0, 0.0, 0.0, 0.0, 0.0, 0.0, 0.0, 0.0, 1.0, 0.0, 0.0, 0.0, 0.0, 0.0, 0.0)
2020-05-22 00:10:05 INFO  Context:8 - Varl_1	List(1.0, 0.0, 0.0, 0.0, 0.0, 0.0, 0.0, 0.0, 0.0, 0.0, 0.0, 0.0, 0.0, 1.0, 0.0, 0.0, 0.0, 0.0, 0.0, 0.0)
2020-05-22 00:10:05 INFO  Context:8 - )	List(1.0, 0.0, 0.0, 0.0, 0.0, 0.0, 0.0, 0.0, 0.0, 0.0, 0.0, 0.0, 0.0, 0.0)
2020-05-22 00:10:05 INFO  Context:8 - {	List(1.0, 0.0, 0.0, 0.0, 0.0, 0.0, 0.0, 0.0, 0.0, 0.0, 0.0, 0.0, 0.0, 0.0, 1.0, 0.0, 0.0, 0.0, 0.0)
2020-05-22 00:10:05 INFO  Context:8 - Type_1	List(1.0, 0.0, 0.0, 0.0, 0.0, 0.0, 0.0, 0.0, 0.0, 0.0, 1.0, 0.0, 0.0, 0.0, 0.0, 0.0, 0.0, 0.0, 0.0, 1.0, 0.0, 0.0, 0.0, 0.0, 0.0, 0.0, 1.0, 0.0, 0.0, 0.0, 0.0, 0.0, 0.0, 1.0, 0.0, 0.0, 0.0, 0.0, 0.0, 0.0, 0.0, 0.0, 0.0, 0.0, 1.0, 0.0, 0.0, 0.0, 0.0)
2020-05-22 00:10:05 INFO  Context:8 - c	List(1.0, 0.0, 0.0, 0.0, 0.0, 0.0, 0.0, 0.0, 0.0, 0.0, 0.0, 0.0, 1.0, 0.0, 0.0, 0.0, 0.0, 0.0, 0.0, 1.0, 0.0, 0.0, 0.0, 0.0, 0.0, 0.0, 1.0, 0.0, 0.0, 0.0, 0.0, 0.0, 0.0, 0.0, 0.0, 0.0, 0.0, 1.0, 0.0, 0.0, 0.0, 0.0)
2020-05-22 00:10:05 INFO  Context:8 - =	List(1.0, 0.0, 0.0, 0.0, 0.0, 0.0, 0.0, 0.0, 0.0, 0.0, 0.0, 0.0, 0.0, 1.0, 0.0, 0.0, 0.0, 0.0, 0.0, 0.0, 1.0, 0.0, 0.0, 0.0, 0.0, 0.0, 0.0, 1.0, 0.0, 0.0, 0.0, 0.0, 0.0, 0.0, 0.0, 0.0, 0.0, 0.0, 1.0, 0.0, 0.0, 0.0, 0.0)
2020-05-22 00:10:05 INFO  Context:8 - a	List(1.0, 0.0, 0.0, 0.0, 0.0, 0.0, 0.0, 0.0, 0.0, 0.0, 1.0, 0.0, 0.0, 0.0, 0.0, 0.0, 0.0, 0.0, 0.0, 0.0, 1.0, 0.0, 0.0, 0.0, 0.0, 0.0, 0.0, 1.0, 0.0, 0.0, 0.0, 0.0, 0.0, 0.0, 1.0, 0.0, 0.0, 0.0, 0.0, 0.0, 0.0, 1.0, 0.0, 0.0, 0.0, 0.0, 0.0, 0.0, 0.0, 0.0, 0.0, 0.0, 1.0, 0.0, 0.0, 0.0, 0.0)
2020-05-22 00:10:05 INFO  Context:8 - +	List(1.0, 0.0, 0.0, 0.0, 0.0, 0.0, 0.0, 0.0, 0.0, 0.0, 0.0, 0.0, 0.0, 1.0, 0.0, 0.0, 0.0, 0.0, 0.0, 0.0, 1.0, 0.0, 0.0, 0.0, 0.0, 0.0, 0.0, 1.0, 0.0, 0.0, 0.0, 0.0, 0.0, 0.0, 1.0, 0.0, 0.0, 0.0, 0.0, 0.0, 0.0, 0.0, 0.0, 0.0, 0.0, 1.0, 0.0, 0.0, 0.0, 0.0)
2020-05-22 00:10:05 INFO  Context:8 - b	List(1.0, 0.0, 0.0, 0.0, 0.0, 0.0, 0.0, 0.0, 0.0, 0.0, 0.0, 1.0, 0.0, 0.0, 0.0, 0.0, 0.0, 0.0, 0.0, 0.0, 1.0, 0.0, 0.0, 0.0, 0.0, 0.0, 0.0, 1.0, 0.0, 0.0, 0.0, 0.0, 0.0, 0.0, 1.0, 0.0, 0.0, 0.0, 0.0, 0.0, 0.0, 1.0, 0.0, 0.0, 0.0, 0.0, 0.0, 0.0, 0.0, 0.0, 0.0, 0.0, 1.0, 0.0, 0.0, 0.0, 0.0)
2020-05-22 00:10:05 INFO  Context:8 - ;	List(1.0, 0.0, 0.0, 0.0, 0.0, 0.0, 0.0, 0.0, 0.0, 0.0, 1.0, 0.0, 0.0, 0.0, 0.0, 0.0, 0.0, 0.0, 0.0, 0.0, 0.0, 1.0, 0.0, 0.0, 0.0, 0.0)
2020-05-22 00:10:05 INFO  Context:8 - }	List(1.0, 0.0, 0.0, 0.0, 0.0, 0.0, 0.0, 0.0, 0.0, 0.0, 0.0, 0.0, 0.0, 0.0, 0.0, 1.0, 0.0, 0.0, 0.0, 0.0)
2020-05-22 00:10:05 INFO  Context:8 - }	List(1.0, 0.0, 0.0, 0.0, 0.0, 0.0, 0.0, 0.0, 0.0, 0.0, 0.0, 0.0, 0.0, 0.0, 0.0, 0.0, 1.0, 0.0, 0.0, 0.0, 0.0, 0.0)
2020-05-22 00:11:45 INFO  TestAbstract:8 - Position nums 45
2020-05-22 00:11:56 INFO  TestAbstract:8 - Position nums 45
2020-05-22 00:12:08 INFO  TestAbstract:8 - Position nums 45
2020-05-22 00:12:58 INFO  TestAbstract:8 - Position nums 45
2020-05-22 00:15:28 INFO  TestAbstract:8 - Position nums 45
2020-05-22 00:15:46 INFO  TestAbstract:8 - Position nums 45
2020-05-22 00:16:13 INFO  TestAbstract:8 - Position nums 45
2020-05-22 00:20:57 INFO  TestAbstract:8 - Position nums 45
2020-05-22 00:22:30 INFO  TestAbstract:8 - Position nums 44
2020-05-22 00:24:44 INFO  TestAbstract:8 - Position nums 44
2020-05-22 00:26:17 INFO  TestAbstract:8 - Position nums 44
2020-05-22 01:13:05 INFO  TestAbstract:8 - Position nums 36
2020-05-22 01:16:31 INFO  TestAbstract:8 - Position nums 36
2020-05-22 01:17:57 INFO  TestAbstract:8 - Position nums 36
2020-05-22 01:23:53 INFO  TestAbstract:8 - Position nums 36
2020-05-22 01:29:55 INFO  TestAbstract:8 - Position nums 36
2020-05-22 01:30:18 INFO  TestAbstract:8 - Position nums 36
2020-05-22 01:34:27 INFO  TestAbstract:8 - Position nums 36
2020-05-22 01:38:07 INFO  TestAbstract:8 - Position nums 36
2020-05-22 01:38:21 INFO  TestAbstract:8 - Position nums 36
2020-05-22 01:38:40 INFO  Master:8 - Get 100 files in directory data/small/raw/buggy/
2020-05-22 01:38:40 INFO  Master:8 - Get 100 files in directory data/small/raw/fixed/
2020-05-22 01:38:40 INFO  Master:8 - Loading 100 java files from data/small/raw/buggy/
2020-05-22 01:38:40 INFO  Master:8 - Loading 100 java files from data/small/raw/fixed/
2020-05-22 01:38:40 INFO  Master:8 - The total buggy/fixed files is 100, #of Workers 4, batch size 26
2020-05-22 01:38:40 INFO  Master:8 - Create a new worker [0] to handle Java file indexed from 1 to 26
2020-05-22 01:38:40 INFO  Master:8 - Create a new worker [1] to handle Java file indexed from 27 to 52
2020-05-22 01:38:40 INFO  Master:8 - Create a new worker [2] to handle Java file indexed from 53 to 78
2020-05-22 01:38:40 INFO  Master:8 - Create a new worker [3] to handle Java file indexed from 79 to 100
2020-05-22 01:38:40 INFO  Worker:8 - Worker 0 deal with 26 task in 281 milliseconds
2020-05-22 01:38:40 INFO  Worker:8 - Worker 1 deal with 26 task in 284 milliseconds
2020-05-22 01:38:40 INFO  Worker:8 - Worker 2 deal with 26 task in 369 milliseconds
2020-05-22 01:38:40 INFO  Worker:8 - Worker 3 deal with 22 task in 370 milliseconds
2020-05-22 01:39:11 INFO  Master:8 - Get 100 files in directory data/small/raw/buggy/
2020-05-22 01:39:11 INFO  Master:8 - Get 100 files in directory data/small/raw/fixed/
2020-05-22 01:39:11 INFO  Master:8 - Loading 100 java files from data/small/raw/buggy/
2020-05-22 01:39:11 INFO  Master:8 - Loading 100 java files from data/small/raw/fixed/
2020-05-22 01:39:11 INFO  Master:8 - The total buggy/fixed files is 100, #of Workers 4, batch size 26
2020-05-22 01:39:11 INFO  Master:8 - Create a new worker [0] to handle Java file indexed from 1 to 26
2020-05-22 01:39:11 INFO  Master:8 - Create a new worker [1] to handle Java file indexed from 27 to 52
2020-05-22 01:39:11 INFO  Master:8 - Create a new worker [2] to handle Java file indexed from 53 to 78
2020-05-22 01:39:11 INFO  Master:8 - Create a new worker [3] to handle Java file indexed from 79 to 100
2020-05-22 01:39:12 INFO  Worker:8 - Worker 1 deal with 26 task in 273 milliseconds
2020-05-22 01:39:12 INFO  Worker:8 - Worker 0 deal with 26 task in 317 milliseconds
2020-05-22 01:39:12 INFO  Worker:8 - Worker 3 deal with 22 task in 328 milliseconds
2020-05-22 01:39:12 INFO  Worker:8 - Worker 2 deal with 26 task in 358 milliseconds
